<?xml version="1.0" encoding="UTF-8"?>
<testsuite name="org.apache.geode.benchmark.tests.ReplicatedGetBenchmarkTest" tests="1" skipped="0" failures="0" errors="0" timestamp="2018-11-29T18:42:26" hostname="nnag-mbpro" time="24.467">
  <properties/>
  <testcase name="benchmarkRunsSuccessfully" classname="org.apache.geode.benchmark.tests.ReplicatedGetBenchmarkTest" time="24.467"/>
  <system-out><![CDATA[Lauching /var/folders/zw/j26m_tp947j9vtmhkx648d7r0000gn/T/workerProcess5571211924619767698>java -classpath .geode-performance/lib/* -DRMI_HOST=10.118.19.23 -DRMI_PORT=33333 -DJVM_ID=0 -DOUTPUT_DIR=output/locator-0 org.apache.geode.perftest.jvms.rmi.ChildJVM
Lauching /var/folders/zw/j26m_tp947j9vtmhkx648d7r0000gn/T/workerProcess6037761077115496725>java -classpath .geode-performance/lib/* -DRMI_HOST=10.118.19.23 -DRMI_PORT=33333 -DJVM_ID=1 -DOUTPUT_DIR=output/server-1 org.apache.geode.perftest.jvms.rmi.ChildJVM
Lauching /var/folders/zw/j26m_tp947j9vtmhkx648d7r0000gn/T/workerProcess8220484419278090436>java -classpath .geode-performance/lib/* -DRMI_HOST=10.118.19.23 -DRMI_PORT=33333 -DJVM_ID=2 -DOUTPUT_DIR=output/server-2 org.apache.geode.perftest.jvms.rmi.ChildJVM
Lauching /var/folders/zw/j26m_tp947j9vtmhkx648d7r0000gn/T/workerProcess2920993832141307298>java -classpath .geode-performance/lib/* -DRMI_HOST=10.118.19.23 -DRMI_PORT=33333 -DJVM_ID=3 -DOUTPUT_DIR=output/server-3 org.apache.geode.perftest.jvms.rmi.ChildJVM
Lauching /var/folders/zw/j26m_tp947j9vtmhkx648d7r0000gn/T/workerProcess1826619099427326039>java -classpath .geode-performance/lib/* -DRMI_HOST=10.118.19.23 -DRMI_PORT=33333 -DJVM_ID=4 -DOUTPUT_DIR=output/server-4 org.apache.geode.perftest.jvms.rmi.ChildJVM
Lauching /var/folders/zw/j26m_tp947j9vtmhkx648d7r0000gn/T/workerProcess7697400786356018397>java -classpath .geode-performance/lib/* -DRMI_HOST=10.118.19.23 -DRMI_PORT=33333 -DJVM_ID=5 -DOUTPUT_DIR=output/client-5 org.apache.geode.perftest.jvms.rmi.ChildJVM
]]></system-out>
  <system-err><![CDATA[[Test worker] INFO org.apache.geode.perftest.runner.DefaultTestRunner - Lauching JVMs...
[Test worker] INFO org.apache.geode.perftest.runner.DefaultTestRunner - Starting before tasks...
[Test worker] INFO org.apache.geode.perftest.runner.DefaultTestRunner - Starting workload tasks...
[Test worker] INFO org.apache.geode.perftest.runner.DefaultTestRunner - Starting after tasks...
[Test worker] INFO org.apache.geode.perftest.runner.DefaultTestRunner - Copying results...
]]></system-err>
</testsuite>
