<?xml version="1.0" encoding="UTF-8"?>
<testsuite name="org.apache.geode.benchmark.tests.ReplicatedPutBenchmarkTest" tests="1" skipped="0" failures="0" errors="0" timestamp="2018-11-29T18:41:38" hostname="nnag-mbpro" time="25.906">
  <properties/>
  <testcase name="benchmarkRunsSuccessfully" classname="org.apache.geode.benchmark.tests.ReplicatedPutBenchmarkTest" time="25.906"/>
  <system-out><![CDATA[Lauching /var/folders/zw/j26m_tp947j9vtmhkx648d7r0000gn/T/workerProcess1363933880316721039>java -classpath .geode-performance/lib/* -DRMI_HOST=10.118.19.23 -DRMI_PORT=33333 -DJVM_ID=0 -DOUTPUT_DIR=output/locator-0 org.apache.geode.perftest.jvms.rmi.ChildJVM
Lauching /var/folders/zw/j26m_tp947j9vtmhkx648d7r0000gn/T/workerProcess8668655768268445435>java -classpath .geode-performance/lib/* -DRMI_HOST=10.118.19.23 -DRMI_PORT=33333 -DJVM_ID=1 -DOUTPUT_DIR=output/server-1 org.apache.geode.perftest.jvms.rmi.ChildJVM
Lauching /var/folders/zw/j26m_tp947j9vtmhkx648d7r0000gn/T/workerProcess6742598797936638875>java -classpath .geode-performance/lib/* -DRMI_HOST=10.118.19.23 -DRMI_PORT=33333 -DJVM_ID=2 -DOUTPUT_DIR=output/server-2 org.apache.geode.perftest.jvms.rmi.ChildJVM
Lauching /var/folders/zw/j26m_tp947j9vtmhkx648d7r0000gn/T/workerProcess8247945716130642814>java -classpath .geode-performance/lib/* -DRMI_HOST=10.118.19.23 -DRMI_PORT=33333 -DJVM_ID=3 -DOUTPUT_DIR=output/server-3 org.apache.geode.perftest.jvms.rmi.ChildJVM
Lauching /var/folders/zw/j26m_tp947j9vtmhkx648d7r0000gn/T/workerProcess6768124815009002984>java -classpath .geode-performance/lib/* -DRMI_HOST=10.118.19.23 -DRMI_PORT=33333 -DJVM_ID=4 -DOUTPUT_DIR=output/server-4 org.apache.geode.perftest.jvms.rmi.ChildJVM
Lauching /var/folders/zw/j26m_tp947j9vtmhkx648d7r0000gn/T/workerProcess4496683319449948906>java -classpath .geode-performance/lib/* -DRMI_HOST=10.118.19.23 -DRMI_PORT=33333 -DJVM_ID=5 -DOUTPUT_DIR=output/client-5 org.apache.geode.perftest.jvms.rmi.ChildJVM
]]></system-out>
  <system-err><![CDATA[[Test worker] INFO org.apache.geode.perftest.runner.DefaultTestRunner - Lauching JVMs...
[Test worker] INFO org.apache.geode.perftest.runner.DefaultTestRunner - Starting before tasks...
[Test worker] INFO org.apache.geode.perftest.runner.DefaultTestRunner - Starting workload tasks...
[Test worker] INFO org.apache.geode.perftest.runner.DefaultTestRunner - Starting after tasks...
[Test worker] INFO org.apache.geode.perftest.runner.DefaultTestRunner - Copying results...
]]></system-err>
</testsuite>
