<?xml version="1.0" encoding="UTF-8"?>
<testsuite name="org.apache.geode.perftest.jvms.RemoteJVMFactoryTest" tests="1" skipped="0" failures="0" errors="0" timestamp="2018-11-29T18:42:59" hostname="nnag-mbpro" time="0.021">
  <properties/>
  <testcase name="launchMethodCreatesControllerAndLaunchesNodes" classname="org.apache.geode.perftest.jvms.RemoteJVMFactoryTest" time="0.021"/>
  <system-out><![CDATA[]]></system-out>
  <system-err><![CDATA[]]></system-err>
</testsuite>
