<?xml version="1.0" encoding="UTF-8"?>
<testsuite name="org.apache.geode.perftest.TestRunnerJUnitTest" tests="1" skipped="0" failures="0" errors="0" timestamp="2018-11-29T18:42:54" hostname="nnag-mbpro" time="0.15">
  <properties/>
  <testcase name="testRunnerRunsBeforeAndAfterTasks" classname="org.apache.geode.perftest.TestRunnerJUnitTest" time="0.15"/>
  <system-out><![CDATA[]]></system-out>
  <system-err><![CDATA[[Test worker] INFO org.apache.geode.perftest.runner.DefaultTestRunner - Lauching JVMs...
[Test worker] INFO org.apache.geode.perftest.runner.DefaultTestRunner - Starting before tasks...
[Test worker] INFO org.apache.geode.perftest.runner.DefaultTestRunner - Starting workload tasks...
[Test worker] INFO org.apache.geode.perftest.runner.DefaultTestRunner - Starting after tasks...
[Test worker] INFO org.apache.geode.perftest.runner.DefaultTestRunner - Copying results...
]]></system-err>
</testsuite>
