<?xml version="1.0" encoding="UTF-8"?>
<testsuite name="org.apache.geode.perftest.analysis.BenchmarkRunAnalyzerTest" tests="1" skipped="0" failures="0" errors="0" timestamp="2018-11-29T18:42:54" hostname="nnag-mbpro" time="0.098">
  <properties/>
  <testcase name="verifyResultHarvester" classname="org.apache.geode.perftest.analysis.BenchmarkRunAnalyzerTest" time="0.098"/>
  <system-out><![CDATA[-- BenchmarkA --
average ops/second
Result: 20.0
Baseline: 25.0
Relative performance: 0.8

99th percentile latency
Result: 298.98989898989896
Baseline: 198.989898989899
Relative performance: 1.5025380710659897

-- BenchmarkB --
average ops/second
Result: 25.0
Baseline: 20.0
Relative performance: 1.25

99th percentile latency
Result: 398.98989898989896
Baseline: 398.98989898989896
Relative performance: 1.0


]]></system-out>
  <system-err><![CDATA[]]></system-err>
</testsuite>
