<?xml version="1.0" encoding="UTF-8"?>
<testsuite name="org.apache.geode.perftest.infrastructure.ssh.SshInfrastructureTest" tests="5" skipped="0" failures="0" errors="0" timestamp="2018-11-29T18:43:07" hostname="nnag-mbpro" time="2.577">
  <properties/>
  <testcase name="canExecuteACommandOnNode" classname="org.apache.geode.perftest.infrastructure.ssh.SshInfrastructureTest" time="1.286"/>
  <testcase name="copyToNodesPutsFileOnNode" classname="org.apache.geode.perftest.infrastructure.ssh.SshInfrastructureTest" time="0.36"/>
  <testcase name="canFindNodes" classname="org.apache.geode.perftest.infrastructure.ssh.SshInfrastructureTest" time="0.003"/>
  <testcase name="canCopyFilesFromANode" classname="org.apache.geode.perftest.infrastructure.ssh.SshInfrastructureTest" time="0.592"/>
  <testcase name="copyToNodesCleansDirectory" classname="org.apache.geode.perftest.infrastructure.ssh.SshInfrastructureTest" time="0.336"/>
  <system-out><![CDATA[]]></system-out>
  <system-err><![CDATA[[Test worker] INFO org.apache.sshd.common.util.security.bouncycastle.BouncyCastleSecurityProviderRegistrar - getOrCreateProvider(BC) created instance of org.bouncycastle.jce.provider.BouncyCastleProvider
[Test worker] INFO org.apache.sshd.common.util.security.eddsa.EdDSASecurityProviderRegistrar - getOrCreateProvider(EdDSA) created instance of net.i2p.crypto.eddsa.EdDSASecurityProvider
[Test worker] INFO org.apache.sshd.common.io.DefaultIoServiceFactoryFactory - No detected/configured IoServiceFactoryFactory using Nio2ServiceFactoryFactory
[Test worker] INFO org.apache.sshd.server.SshServer - start() listen on auto-allocated port=51767
[Test worker] INFO net.schmizz.sshj.transport.random.BouncyCastleRandom - Generating random seed from SecureRandom.
[Test worker] INFO net.schmizz.sshj.transport.TransportImpl - Client identity string: SSH-2.0-SSHJ_0.26.0
[Test worker] INFO net.schmizz.sshj.transport.TransportImpl - Server identity string: SSH-2.0-SSHD-COMMON-2.1.0
[Test worker] INFO net.schmizz.sshj.SSHClient - Could not load keys from /Users/nnag/.ssh/id_dsa due to: /Users/nnag/.ssh/id_dsa (No such file or directory)
[Test worker] INFO net.schmizz.sshj.SSHClient - Could not load keys from /Users/nnag/.ssh/id_ecdsa due to: /Users/nnag/.ssh/id_ecdsa (No such file or directory)
[Test worker] ERROR net.schmizz.concurrent.Promise - <<authenticated>> woke to: net.schmizz.sshj.userauth.UserAuthException: Problem getting private key from PKCS8KeyFile{resource=[PrivateKeyFileResource] /Users/nnag/.ssh/id_rsa}
[Test worker] INFO com.hierynomus.sshj.userauth.keyprovider.OpenSSHKeyV1KeyFile - Read key type: ssh-ed25519
[sshd-SshServer[5bf17d43]-nio2-thread-8] INFO org.apache.sshd.server.session.ServerUserAuthService - Session nnag@/127.0.0.1:51768 authenticated
[Test worker] INFO org.apache.geode.perftest.infrastructure.ssh.SshInfrastructure - Executing 'touch' '/var/folders/zw/j26m_tp947j9vtmhkx648d7r0000gn/T/junit8714916734200419846/junit1936880000951122828/somefile.txt' on localhost/127.0.0.1
[Test worker] INFO net.schmizz.sshj.transport.TransportImpl - Disconnected - BY_APPLICATION
[Test worker] INFO org.apache.sshd.common.io.nio2.Nio2Session - doCloseGracefully(Nio2Session[local=/127.0.0.1:51767, remote=/127.0.0.1:51768]) ClosedChannelException while shutting down output: null
[Test worker] INFO org.apache.sshd.server.SshServer - start() listen on auto-allocated port=51772
[ForkJoinPool.commonPool-worker-1] INFO net.schmizz.sshj.transport.TransportImpl - Client identity string: SSH-2.0-SSHJ_0.26.0
[ForkJoinPool.commonPool-worker-1] INFO net.schmizz.sshj.transport.TransportImpl - Server identity string: SSH-2.0-SSHD-COMMON-2.1.0
[ForkJoinPool.commonPool-worker-1] INFO net.schmizz.sshj.SSHClient - Could not load keys from /Users/nnag/.ssh/id_dsa due to: /Users/nnag/.ssh/id_dsa (No such file or directory)
[ForkJoinPool.commonPool-worker-1] INFO net.schmizz.sshj.SSHClient - Could not load keys from /Users/nnag/.ssh/id_ecdsa due to: /Users/nnag/.ssh/id_ecdsa (No such file or directory)
[ForkJoinPool.commonPool-worker-1] ERROR net.schmizz.concurrent.Promise - <<authenticated>> woke to: net.schmizz.sshj.userauth.UserAuthException: Problem getting private key from PKCS8KeyFile{resource=[PrivateKeyFileResource] /Users/nnag/.ssh/id_rsa}
[ForkJoinPool.commonPool-worker-1] INFO com.hierynomus.sshj.userauth.keyprovider.OpenSSHKeyV1KeyFile - Read key type: ssh-ed25519
[sshd-SshServer[20769644]-nio2-thread-7] INFO org.apache.sshd.server.session.ServerUserAuthService - Session nnag@/127.0.0.1:51773 authenticated
[ForkJoinPool.commonPool-worker-1] INFO org.apache.geode.perftest.infrastructure.ssh.SshInfrastructure - Copying /var/folders/zw/j26m_tp947j9vtmhkx648d7r0000gn/T/junit479844368750162964/junit2707444091393024199.tmp to localhost/127.0.0.1
[ForkJoinPool.commonPool-worker-1] INFO net.schmizz.sshj.transport.TransportImpl - Disconnected - BY_APPLICATION
[Test worker] INFO org.apache.sshd.server.SshServer - start() listen on auto-allocated port=51774
[Test worker] INFO org.apache.sshd.server.SshServer - start() listen on auto-allocated port=51775
[Test worker] INFO net.schmizz.sshj.transport.TransportImpl - Client identity string: SSH-2.0-SSHJ_0.26.0
[Test worker] INFO net.schmizz.sshj.transport.TransportImpl - Server identity string: SSH-2.0-SSHD-COMMON-2.1.0
[Test worker] INFO net.schmizz.sshj.SSHClient - Could not load keys from /Users/nnag/.ssh/id_dsa due to: /Users/nnag/.ssh/id_dsa (No such file or directory)
[Test worker] INFO net.schmizz.sshj.SSHClient - Could not load keys from /Users/nnag/.ssh/id_ecdsa due to: /Users/nnag/.ssh/id_ecdsa (No such file or directory)
[Test worker] ERROR net.schmizz.concurrent.Promise - <<authenticated>> woke to: net.schmizz.sshj.userauth.UserAuthException: Problem getting private key from PKCS8KeyFile{resource=[PrivateKeyFileResource] /Users/nnag/.ssh/id_rsa}
[Test worker] INFO com.hierynomus.sshj.userauth.keyprovider.OpenSSHKeyV1KeyFile - Read key type: ssh-ed25519
[sshd-SshServer[4f008331]-nio2-thread-7] INFO org.apache.sshd.server.session.ServerUserAuthService - Session nnag@/127.0.0.1:51776 authenticated
[Test worker] INFO org.apache.geode.perftest.infrastructure.ssh.SshInfrastructure - Executing 'mkdir' '-p' '/tmp/foo' on localhost/127.0.0.1
[Test worker] INFO net.schmizz.sshj.transport.TransportImpl - Disconnected - BY_APPLICATION
[Test worker] INFO net.schmizz.sshj.transport.TransportImpl - Client identity string: SSH-2.0-SSHJ_0.26.0
[Test worker] INFO net.schmizz.sshj.transport.TransportImpl - Server identity string: SSH-2.0-SSHD-COMMON-2.1.0
[Test worker] INFO net.schmizz.sshj.SSHClient - Could not load keys from /Users/nnag/.ssh/id_dsa due to: /Users/nnag/.ssh/id_dsa (No such file or directory)
[Test worker] INFO net.schmizz.sshj.SSHClient - Could not load keys from /Users/nnag/.ssh/id_ecdsa due to: /Users/nnag/.ssh/id_ecdsa (No such file or directory)
[Test worker] ERROR net.schmizz.concurrent.Promise - <<authenticated>> woke to: net.schmizz.sshj.userauth.UserAuthException: Problem getting private key from PKCS8KeyFile{resource=[PrivateKeyFileResource] /Users/nnag/.ssh/id_rsa}
[Test worker] INFO com.hierynomus.sshj.userauth.keyprovider.OpenSSHKeyV1KeyFile - Read key type: ssh-ed25519
[sshd-SshServer[4f008331]-nio2-thread-3] INFO org.apache.sshd.server.session.ServerUserAuthService - Session nnag@/127.0.0.1:51777 authenticated
[Test worker] INFO org.apache.geode.perftest.infrastructure.ssh.SshInfrastructure - Executing 'touch' '/tmp/foo/file.txt' on localhost/127.0.0.1
[Test worker] INFO net.schmizz.sshj.transport.TransportImpl - Disconnected - BY_APPLICATION
[Test worker] INFO net.schmizz.sshj.transport.TransportImpl - Client identity string: SSH-2.0-SSHJ_0.26.0
[Test worker] INFO net.schmizz.sshj.transport.TransportImpl - Server identity string: SSH-2.0-SSHD-COMMON-2.1.0
[Test worker] INFO net.schmizz.sshj.SSHClient - Could not load keys from /Users/nnag/.ssh/id_dsa due to: /Users/nnag/.ssh/id_dsa (No such file or directory)
[Test worker] INFO net.schmizz.sshj.SSHClient - Could not load keys from /Users/nnag/.ssh/id_ecdsa due to: /Users/nnag/.ssh/id_ecdsa (No such file or directory)
[Test worker] ERROR net.schmizz.concurrent.Promise - <<authenticated>> woke to: net.schmizz.sshj.userauth.UserAuthException: Problem getting private key from PKCS8KeyFile{resource=[PrivateKeyFileResource] /Users/nnag/.ssh/id_rsa}
[Test worker] INFO com.hierynomus.sshj.userauth.keyprovider.OpenSSHKeyV1KeyFile - Read key type: ssh-ed25519
[sshd-SshServer[4f008331]-nio2-thread-8] INFO org.apache.sshd.server.session.ServerUserAuthService - Session nnag@/127.0.0.1:51778 authenticated
[Test worker] INFO org.apache.geode.perftest.infrastructure.ssh.SshInfrastructure - Executing 'touch' '/tmp/foo/file2.txt' on localhost/127.0.0.1
[Test worker] INFO net.schmizz.sshj.transport.TransportImpl - Disconnected - BY_APPLICATION
[Test worker] INFO net.schmizz.sshj.transport.TransportImpl - Client identity string: SSH-2.0-SSHJ_0.26.0
[Test worker] INFO net.schmizz.sshj.transport.TransportImpl - Server identity string: SSH-2.0-SSHD-COMMON-2.1.0
[Test worker] INFO net.schmizz.sshj.SSHClient - Could not load keys from /Users/nnag/.ssh/id_dsa due to: /Users/nnag/.ssh/id_dsa (No such file or directory)
[Test worker] INFO net.schmizz.sshj.SSHClient - Could not load keys from /Users/nnag/.ssh/id_ecdsa due to: /Users/nnag/.ssh/id_ecdsa (No such file or directory)
[Test worker] ERROR net.schmizz.concurrent.Promise - <<authenticated>> woke to: net.schmizz.sshj.userauth.UserAuthException: Problem getting private key from PKCS8KeyFile{resource=[PrivateKeyFileResource] /Users/nnag/.ssh/id_rsa}
[Test worker] INFO com.hierynomus.sshj.userauth.keyprovider.OpenSSHKeyV1KeyFile - Read key type: ssh-ed25519
[sshd-SshServer[4f008331]-nio2-thread-3] INFO org.apache.sshd.server.session.ServerUserAuthService - Session nnag@/127.0.0.1:51779 authenticated
[Test worker] INFO net.schmizz.sshj.transport.TransportImpl - Disconnected - BY_APPLICATION
[Test worker] INFO org.apache.sshd.server.SshServer - start() listen on auto-allocated port=51780
[ForkJoinPool.commonPool-worker-1] INFO net.schmizz.sshj.transport.TransportImpl - Client identity string: SSH-2.0-SSHJ_0.26.0
[ForkJoinPool.commonPool-worker-1] INFO net.schmizz.sshj.transport.TransportImpl - Server identity string: SSH-2.0-SSHD-COMMON-2.1.0
[ForkJoinPool.commonPool-worker-1] INFO net.schmizz.sshj.SSHClient - Could not load keys from /Users/nnag/.ssh/id_dsa due to: /Users/nnag/.ssh/id_dsa (No such file or directory)
[ForkJoinPool.commonPool-worker-1] INFO net.schmizz.sshj.SSHClient - Could not load keys from /Users/nnag/.ssh/id_ecdsa due to: /Users/nnag/.ssh/id_ecdsa (No such file or directory)
[ForkJoinPool.commonPool-worker-1] ERROR net.schmizz.concurrent.Promise - <<authenticated>> woke to: net.schmizz.sshj.userauth.UserAuthException: Problem getting private key from PKCS8KeyFile{resource=[PrivateKeyFileResource] /Users/nnag/.ssh/id_rsa}
[ForkJoinPool.commonPool-worker-1] INFO com.hierynomus.sshj.userauth.keyprovider.OpenSSHKeyV1KeyFile - Read key type: ssh-ed25519
[sshd-SshServer[6daa5af2]-nio2-thread-7] INFO org.apache.sshd.server.session.ServerUserAuthService - Session nnag@/127.0.0.1:51781 authenticated
[ForkJoinPool.commonPool-worker-1] INFO org.apache.geode.perftest.infrastructure.ssh.SshInfrastructure - Copying /var/folders/zw/j26m_tp947j9vtmhkx648d7r0000gn/T/junit7266642354113372742/junit278809459309703159.tmp to localhost/127.0.0.1
[ForkJoinPool.commonPool-worker-1] INFO net.schmizz.sshj.transport.TransportImpl - Disconnected - BY_APPLICATION
]]></system-err>
</testsuite>
