<?xml version="1.0" encoding="UTF-8"?>
<testsuite name="org.apache.geode.perftest.infrastructure.local.LocalInfrastructureTest" tests="3" skipped="0" failures="0" errors="0" timestamp="2018-11-29T18:43:07" hostname="nnag-mbpro" time="0.014">
  <properties/>
  <testcase name="copyToNodesPutsFileOnNode" classname="org.apache.geode.perftest.infrastructure.local.LocalInfrastructureTest" time="0.002"/>
  <testcase name="copyFromNodeCopiesFileFromNode" classname="org.apache.geode.perftest.infrastructure.local.LocalInfrastructureTest" time="0.002"/>
  <testcase name="onNodeExecutesShellCommand" classname="org.apache.geode.perftest.infrastructure.local.LocalInfrastructureTest" time="0.01"/>
  <system-out><![CDATA[Lauching /var/folders/zw/j26m_tp947j9vtmhkx648d7r0000gn/T/workerProcess6810032193585865626>touch tmpFile
]]></system-out>
  <system-err><![CDATA[]]></system-err>
</testsuite>
