<?xml version="1.0" encoding="UTF-8"?>
<testsuite name="org.apache.geode.perftest.jvms.rmi.ChildJVMTest" tests="3" skipped="0" failures="0" errors="0" timestamp="2018-11-29T18:42:59" hostname="nnag-mbpro" time="0.097">
  <properties/>
  <testcase name="childRetriesUntilControllerExits" classname="org.apache.geode.perftest.jvms.rmi.ChildJVMTest" time="0.09"/>
  <testcase name="childJVMAddsWorkerToController" classname="org.apache.geode.perftest.jvms.rmi.ChildJVMTest" time="0.004"/>
  <testcase name="childCleansOutputDir" classname="org.apache.geode.perftest.jvms.rmi.ChildJVMTest" time="0.003"/>
  <system-out><![CDATA[]]></system-out>
  <system-err><![CDATA[]]></system-err>
</testsuite>
