<?xml version="1.0" encoding="UTF-8"?>
<testsuite name="org.apache.geode.perftest.TestRunnersTest" tests="2" skipped="0" failures="0" errors="0" timestamp="2018-11-29T18:43:01" hostname="nnag-mbpro" time="0.001">
  <properties/>
  <testcase name="defaultRunnerShouldFailWithNoHosts" classname="org.apache.geode.perftest.TestRunnersTest" time="0.0"/>
  <testcase name="defaultRunnerShouldParseHosts" classname="org.apache.geode.perftest.TestRunnersTest" time="0.001"/>
  <system-out><![CDATA[]]></system-out>
  <system-err><![CDATA[]]></system-err>
</testsuite>
