<?xml version="1.0" encoding="UTF-8"?>
<testsuite name="org.apache.geode.perftest.TestRunnerIntegrationTest" tests="2" skipped="0" failures="0" errors="0" timestamp="2018-11-29T18:43:01" hostname="nnag-mbpro" time="6.619">
  <properties/>
  <testcase name="generatesOutputDirectoryPerBenchmark" classname="org.apache.geode.perftest.TestRunnerIntegrationTest" time="4.813"/>
  <testcase name="runsBeforeWorkload" classname="org.apache.geode.perftest.TestRunnerIntegrationTest" time="1.806"/>
  <system-out><![CDATA[Lauching /var/folders/zw/j26m_tp947j9vtmhkx648d7r0000gn/T/workerProcess597005891642239810>java -classpath .geode-performance/lib/* -DRMI_HOST=10.118.19.23 -DRMI_PORT=33333 -DJVM_ID=0 -DOUTPUT_DIR=output/all-0 org.apache.geode.perftest.jvms.rmi.ChildJVM
Lauching /var/folders/zw/j26m_tp947j9vtmhkx648d7r0000gn/T/workerProcess7097184311295806518>java -classpath .geode-performance/lib/* -DRMI_HOST=10.118.19.23 -DRMI_PORT=33333 -DJVM_ID=0 -DOUTPUT_DIR=output/all-0 org.apache.geode.perftest.jvms.rmi.ChildJVM
]]></system-out>
  <system-err><![CDATA[[Test worker] INFO org.apache.geode.perftest.runner.DefaultTestRunner - Lauching JVMs...
[Test worker] INFO org.apache.geode.perftest.runner.DefaultTestRunner - Starting before tasks...
[Test worker] INFO org.apache.geode.perftest.runner.DefaultTestRunner - Starting workload tasks...
[Test worker] INFO org.apache.geode.perftest.runner.DefaultTestRunner - Starting after tasks...
[Test worker] INFO org.apache.geode.perftest.runner.DefaultTestRunner - Copying results...
[Test worker] INFO org.apache.geode.perftest.runner.DefaultTestRunner - Lauching JVMs...
[Test worker] INFO org.apache.geode.perftest.runner.DefaultTestRunner - Starting before tasks...
[Test worker] INFO org.apache.geode.perftest.runner.DefaultTestRunner - Starting workload tasks...
[Test worker] INFO org.apache.geode.perftest.runner.DefaultTestRunner - Starting after tasks...
[Test worker] INFO org.apache.geode.perftest.runner.DefaultTestRunner - Copying results...
]]></system-err>
</testsuite>
